<?xml version="1.0" encoding="UTF-8"?>
<!-- Generated by org.testng.reporters.JUnitReportReporter -->
<testsuite skipped="0" hostname="MSI" name="com.runner.MainClass" tests="1" failures="0" timestamp="2022-05-19T02:10:45 IST" time="80.295" errors="0">
  <testcase name="newOne" time="80.295" classname="com.runner.MainClass"/>
  <system-out/>
</testsuite> <!-- com.runner.MainClass -->
